<?xml version="1.0" encoding="UTF-8"?>
<testng-results ignored="8" total="9" passed="1" failed="0" skipped="0">
  <reporter-output>
  </reporter-output>
  <suite started-at="2024-09-27T14:23:25 IST" name="Suite" finished-at="2024-09-27T14:23:57 IST" duration-ms="32048">
    <groups>
    </groups>
    <test started-at="2024-09-27T14:23:25 IST" name="Test" finished-at="2024-09-27T14:23:57 IST" duration-ms="32048">
      <class name="com.Hrms.tests.TestPIMPage">
        <test-method is-config="true" signature="setup()[pri:0, instance:com.Hrms.tests.TestPIMPage@449a4f23]" started-at="2024-09-27T14:23:25 IST" name="setup" finished-at="2024-09-27T14:23:31 IST" duration-ms="5793" status="PASS">
          <reporter-output>
          </reporter-output>
        </test-method> <!-- setup -->
        <test-method signature="addEmployee()[pri:0, instance:com.Hrms.tests.TestPIMPage@449a4f23]" started-at="2024-09-27T14:23:31 IST" name="addEmployee" description="Verify that an employee can be added successfully" finished-at="2024-09-27T14:23:57 IST" duration-ms="26235" status="PASS">
          <reporter-output>
          </reporter-output>
        </test-method> <!-- addEmployee -->
        <test-method is-config="true" signature="close()[pri:0, instance:com.Hrms.tests.TestPIMPage@449a4f23]" started-at="2024-09-27T14:23:57 IST" name="close" finished-at="2024-09-27T14:23:57 IST" duration-ms="0" status="PASS">
          <reporter-output>
          </reporter-output>
        </test-method> <!-- close -->
      </class> <!-- com.Hrms.tests.TestPIMPage -->
    </test> <!-- Test -->
  </suite> <!-- Suite -->
</testng-results>
